<?xml version="1.0" encoding="UTF-8"?>
<!-- Generated by org.testng.reporters.JUnitReportReporter -->
<testsuite skipped="0" hostname="BHAVANA-LAPTOP" name="com.inetBanking.testCases.TC_LoginTest_001" tests="1" failures="0" timestamp="18 Nov 2020 01:13:26 GMT" time="4.044" errors="0">
  <testcase name="loginTest" time="4.044" classname="com.inetBanking.testCases.TC_LoginTest_001"/>
</testsuite> <!-- com.inetBanking.testCases.TC_LoginTest_001 -->
